<?xml version="1.0" encoding="UTF-8"?>
<testsuite xmlns:xsi="http://www.w3.org/2001/XMLSchema-instance" xsi:noNamespaceSchemaLocation="https://maven.apache.org/surefire/maven-surefire-plugin/xsd/surefire-test-report-3.0.xsd" version="3.0" name="com.avaliacao.controller.MovieControllerIntegrationTest" time="1.936" tests="4" errors="0" skipped="0" failures="0">
  <properties>
[...]
</properties>
  <testcase name="getMovieById_found_and_notFound" classname="com.avaliacao.controller.MovieControllerIntegrationTest" time="0.375">
    <system-out><![CDATA[
  .   ____          _            __ _ _
 /\\ / ___'_ __ _ _(_)_ __  __ _ \ \ \ \
( ( )\___ | '_ | '_| | '_ \/ _` | \ \ \ \
 \\/  ___)| |_)| | | | | || (_| |  ) ) ) )
  '  |____| .__|_| |_|_| |_\__, | / / / /
 =========|_|==============|___/=/_/_/_/
 :: Spring Boot ::                (v3.2.0)

{"@timestamp":"2025-11-06T15:44:12.375971-03:00","@version":"1","message":"Starting MovieControllerIntegrationTest using Java 17.0.8 with PID 84669 (started by julioizidoro in /Users/julioizidoro/Git/avaliacao-outsera)","logger_name":"com.avaliacao.controller.MovieControllerIntegrationTest","thread_name":"main","level":"INFO","level_value":20000,"app":"demo"}
{"@timestamp":"2025-11-06T15:44:12.38021-03:00","@version":"1","message":"No active profile set, falling back to 1 default profile: \"default\"","logger_name":"com.avaliacao.controller.MovieControllerIntegrationTest","thread_name":"main","level":"INFO","level_value":20000,"app":"demo"}
{"@timestamp":"2025-11-06T15:44:12.609084-03:00","@version":"1","message":"Bootstrapping Spring Data JPA repositories in DEFAULT mode.","logger_name":"org.springframework.data.repository.config.RepositoryConfigurationDelegate","thread_name":"main","level":"INFO","level_value":20000,"app":"demo"}
{"@timestamp":"2025-11-06T15:44:12.625157-03:00","@version":"1","message":"Finished Spring Data repository scanning in 14 ms. Found 1 JPA repository interface.","logger_name":"org.springframework.data.repository.config.RepositoryConfigurationDelegate","thread_name":"main","level":"INFO","level_value":20000,"app":"demo"}
{"@timestamp":"2025-11-06T15:44:12.749079-03:00","@version":"1","message":"HikariPool-1 - Starting...","logger_name":"com.zaxxer.hikari.HikariDataSource","thread_name":"main","level":"INFO","level_value":20000,"app":"demo"}
{"@timestamp":"2025-11-06T15:44:12.803765-03:00","@version":"1","message":"HikariPool-1 - Added connection conn0: url=jdbc:h2:mem:9751bf86-3ae3-4e7f-8e89-82256065d787 user=SA","logger_name":"com.zaxxer.hikari.pool.HikariPool","thread_name":"main","level":"INFO","level_value":20000,"app":"demo"}
{"@timestamp":"2025-11-06T15:44:12.804314-03:00","@version":"1","message":"HikariPool-1 - Start completed.","logger_name":"com.zaxxer.hikari.HikariDataSource","thread_name":"main","level":"INFO","level_value":20000,"app":"demo"}
{"@timestamp":"2025-11-06T15:44:12.820666-03:00","@version":"1","message":"HHH000204: Processing PersistenceUnitInfo [name: default]","logger_name":"org.hibernate.jpa.internal.util.LogHelper","thread_name":"main","level":"INFO","level_value":20000,"app":"demo"}
{"@timestamp":"2025-11-06T15:44:12.836653-03:00","@version":"1","message":"HHH000412: Hibernate ORM core version 6.3.1.Final","logger_name":"org.hibernate.Version","thread_name":"main","level":"INFO","level_value":20000,"app":"demo"}
{"@timestamp":"2025-11-06T15:44:12.849888-03:00","@version":"1","message":"HHH000026: Second-level cache disabled","logger_name":"org.hibernate.cache.internal.RegionFactoryInitiator","thread_name":"main","level":"INFO","level_value":20000,"app":"demo"}
{"@timestamp":"2025-11-06T15:44:12.913103-03:00","@version":"1","message":"No LoadTimeWeaver setup: ignoring JPA class transformer","logger_name":"org.springframework.orm.jpa.persistenceunit.SpringPersistenceUnitInfo","thread_name":"main","level":"INFO","level_value":20000,"app":"demo"}
{"@timestamp":"2025-11-06T15:44:13.170357-03:00","@version":"1","message":"HHH000489: No JTA platform available (set 'hibernate.transaction.jta.platform' to enable JTA platform integration)","logger_name":"org.hibernate.engine.transaction.jta.platform.internal.JtaPlatformInitiator","thread_name":"main","level":"INFO","level_value":20000,"app":"demo"}
{"@timestamp":"2025-11-06T15:44:13.180204-03:00","@version":"1","message":"Initialized JPA EntityManagerFactory for persistence unit 'default'","logger_name":"org.springframework.orm.jpa.LocalContainerEntityManagerFactoryBean","thread_name":"main","level":"INFO","level_value":20000,"app":"demo"}
{"@timestamp":"2025-11-06T15:44:13.281756-03:00","@version":"1","message":"Hibernate is in classpath; If applicable, HQL parser will be used.","logger_name":"org.springframework.data.jpa.repository.query.QueryEnhancerFactory","thread_name":"main","level":"INFO","level_value":20000,"app":"demo"}
{"@timestamp":"2025-11-06T15:44:13.464444-03:00","@version":"1","message":"spring.jpa.open-in-view is enabled by default. Therefore, database queries may be performed during view rendering. Explicitly configure spring.jpa.open-in-view to disable this warning","logger_name":"org.springframework.boot.autoconfigure.orm.jpa.JpaBaseConfiguration$JpaWebConfiguration","thread_name":"main","level":"WARN","level_value":30000,"app":"demo"}
{"@timestamp":"2025-11-06T15:44:13.470741-03:00","@version":"1","message":"Adding welcome page: class path resource [static/index.html]","logger_name":"org.springframework.boot.autoconfigure.web.servlet.WelcomePageHandlerMapping","thread_name":"main","level":"INFO","level_value":20000,"app":"demo"}
{"@timestamp":"2025-11-06T15:44:13.60162-03:00","@version":"1","message":"Initializing Spring TestDispatcherServlet ''","logger_name":"org.springframework.boot.test.mock.web.SpringBootMockServletContext","thread_name":"main","level":"INFO","level_value":20000,"app":"demo"}
{"@timestamp":"2025-11-06T15:44:13.601762-03:00","@version":"1","message":"Initializing Servlet ''","logger_name":"org.springframework.test.web.servlet.TestDispatcherServlet","thread_name":"main","level":"INFO","level_value":20000,"app":"demo"}
{"@timestamp":"2025-11-06T15:44:13.602566-03:00","@version":"1","message":"Completed initialization in 1 ms","logger_name":"org.springframework.test.web.servlet.TestDispatcherServlet","thread_name":"main","level":"INFO","level_value":20000,"app":"demo"}
{"@timestamp":"2025-11-06T15:44:13.611438-03:00","@version":"1","message":"Started MovieControllerIntegrationTest in 1.406 seconds (process running for 1.714)","logger_name":"com.avaliacao.controller.MovieControllerIntegrationTest","thread_name":"main","level":"INFO","level_value":20000,"app":"demo"}
{"@timestamp":"2025-11-06T15:44:13.942824-03:00","@version":"1","message":"Carregados 208 filmes do arquivo CSV","logger_name":"com.avaliacao.service.MovieService","thread_name":"main","level":"INFO","level_value":20000,"app":"demo"}
]]></system-out>
  </testcase>
  <testcase name="options_shouldContainAllowHeader" classname="com.avaliacao.controller.MovieControllerIntegrationTest" time="0.006">
    <system-out><![CDATA[{"@timestamp":"2025-11-06T15:44:13.993499-03:00","@version":"1","message":"Filmes já carregados no banco de dados","logger_name":"com.avaliacao.service.MovieService","thread_name":"main","level":"INFO","level_value":20000,"app":"demo"}
]]></system-out>
  </testcase>
  <testcase name="listAllMovies_andFavicon" classname="com.avaliacao.controller.MovieControllerIntegrationTest" time="0.024">
    <system-out><![CDATA[{"@timestamp":"2025-11-06T15:44:13.999019-03:00","@version":"1","message":"Filmes já carregados no banco de dados","logger_name":"com.avaliacao.service.MovieService","thread_name":"main","level":"INFO","level_value":20000,"app":"demo"}
]]></system-out>
  </testcase>
  <testcase name="producersIntervals_returnsMinMaxLists" classname="com.avaliacao.controller.MovieControllerIntegrationTest" time="0.011">
    <system-out><![CDATA[{"@timestamp":"2025-11-06T15:44:14.022636-03:00","@version":"1","message":"Filmes já carregados no banco de dados","logger_name":"com.avaliacao.service.MovieService","thread_name":"main","level":"INFO","level_value":20000,"app":"demo"}
]]></system-out>
  </testcase>
</testsuite>